<?xml version="1.0" encoding="UTF-8"?>
<!-- Generated by org.testng.reporters.JUnitXMLReporter -->
<testsuite ignored="3" hostname="LAPTOP-MVN1TR0E" failures="0" tests="1" name="test" time="0.067" errors="0" timestamp="2023-03-29T15:54:45 IST">
  <testcase classname="testng.TC_02" name="testing2" time="0.016"/>
  <testcase classname="testng.TC_01" name="data_test" time="0.0">
    <ignored/>
  </testcase> <!-- data_test -->
  <testcase classname="testng.TC_01" name="justTesting" time="0.0">
    <ignored/>
  </testcase> <!-- justTesting -->
  <testcase classname="testng.TC_02" name="testing3" time="0.0">
    <ignored/>
  </testcase> <!-- testing3 -->
</testsuite> <!-- test -->
