<?xml version="1.0" encoding="UTF-8"?>
<testng-results ignored="3" total="4" passed="1" failed="0" skipped="0">
  <reporter-output>
  </reporter-output>
  <suite started-at="2023-03-29T15:54:44 IST" name="Suite" finished-at="2023-03-29T15:54:45 IST" duration-ms="67">
    <groups>
      <group name="smoke">
        <method signature="TC_02.testing2()[pri:0, instance:testng.TC_02@6dc17b83]" name="testing2" class="testng.TC_02"/>
      </group> <!-- smoke -->
    </groups>
    <test started-at="2023-03-29T15:54:44 IST" name="test" finished-at="2023-03-29T15:54:45 IST" duration-ms="67">
      <class name="testng.TC_02">
        <test-method signature="testing2()[pri:0, instance:testng.TC_02@6dc17b83]" started-at="2023-03-29T15:54:45 IST" name="testing2" finished-at="2023-03-29T15:54:45 IST" duration-ms="16" status="PASS">
          <reporter-output>
          </reporter-output>
        </test-method> <!-- testing2 -->
      </class> <!-- testng.TC_02 -->
    </test> <!-- test -->
  </suite> <!-- Suite -->
</testng-results>
